<?xml version="1.0" encoding="UTF-8"?>
<!-- Generated by org.testng.reporters.JUnitReportReporter -->
<testsuite skipped="0" hostname="sunilkpro.local" name="iOSTest.TestApp" tests="1" failures="0" timestamp="24 Aug 2018 08:36:26 GMT" time="18.993" errors="0">
  <testcase name="Test" time="18.993" classname="iOSTest.TestApp"/>
</testsuite> <!-- iOSTest.TestApp -->
