<?xml version="1.0" encoding="UTF-8"?>
<!-- Generated by org.testng.reporters.JUnitReportReporter -->
<testsuite skipped="0" hostname="sunilkpro.local" name="androidTest.TestApp" tests="1" failures="0" timestamp="07 Sep 2018 14:12:21 GMT" time="24.981" errors="0">
  <testcase name="Test" time="24.981" classname="androidTest.TestApp"/>
</testsuite> <!-- androidTest.TestApp -->
